<?xml version="1.0" encoding="UTF-8"?>
<!-- Generated by org.testng.reporters.JUnitXMLReporter -->
<testsuite hostname="DESKTOP-HQ74KQ8" ignored="1" name="Default test" tests="1" failures="0" timestamp="2019-12-15T12:57:21 IST" time="122.044" errors="0">
  <testcase name="selectProductTest" time="50.055" classname="com.qa.amazon.testcases.HomePageTest"/>
  <testcase name="verifyHomePageLogoTest" time="0.0" classname="com.qa.amazon.testcases.HomePageTest">
    <ignored/>
  </testcase> <!-- verifyHomePageLogoTest -->
</testsuite> <!-- Default test -->
