<?xml version="1.0" encoding="UTF-8"?>
<testng-results skipped="0" failed="0" ignored="1" total="2" passed="1">
  <reporter-output>
  </reporter-output>
  <suite name="Default suite" duration-ms="122044" started-at="2019-12-15T12:55:19 IST" finished-at="2019-12-15T12:57:21 IST">
    <groups>
    </groups>
    <test name="Default test" duration-ms="122044" started-at="2019-12-15T12:55:19 IST" finished-at="2019-12-15T12:57:21 IST">
      <class name="com.qa.amazon.testcases.HomePageTest">
        <test-method status="PASS" signature="setUp()[pri:0, instance:com.qa.amazon.testcases.HomePageTest@7494e528]" name="setUp" is-config="true" duration-ms="71141" started-at="2019-12-15T12:55:19 IST" finished-at="2019-12-15T12:56:30 IST">
          <reporter-output>
          </reporter-output>
        </test-method> <!-- setUp -->
        <test-method status="PASS" signature="selectProductTest()[pri:1, instance:com.qa.amazon.testcases.HomePageTest@7494e528]" name="selectProductTest" duration-ms="50055" started-at="2019-12-15T12:56:30 IST" finished-at="2019-12-15T12:57:20 IST">
          <reporter-output>
          </reporter-output>
        </test-method> <!-- selectProductTest -->
        <test-method status="PASS" signature="tearDown()[pri:0, instance:com.qa.amazon.testcases.HomePageTest@7494e528]" name="tearDown" is-config="true" duration-ms="762" started-at="2019-12-15T12:57:20 IST" finished-at="2019-12-15T12:57:21 IST">
          <reporter-output>
          </reporter-output>
        </test-method> <!-- tearDown -->
      </class> <!-- com.qa.amazon.testcases.HomePageTest -->
    </test> <!-- Default test -->
  </suite> <!-- Default suite -->
</testng-results>
